<?xml version="1.0" encoding="UTF-8"?>
<!-- Generated by org.testng.reporters.JUnitReportReporter -->
<testsuite hostname="apples-MBP.lan" failures="0" tests="1" name="amazon_package.AmazonProject.TC_3_Amz_LoginWithInvalidCredentials" time="6.450" errors="0" timestamp="2025-06-08T18:36:14 IST" skipped="0">
  <testcase classname="amazon_package.AmazonProject.TC_3_Amz_LoginWithInvalidCredentials" name="loginWithInvalidCredentials" time="6.450"/>
</testsuite> <!-- amazon_package.AmazonProject.TC_3_Amz_LoginWithInvalidCredentials -->
