<?xml version="1.0" encoding="UTF-8"?>
<!-- Generated by org.testng.reporters.JUnitReportReporter -->
<testsuite hostname="apples-MBP.lan" failures="0" tests="1" name="maven_package.MavenProject.TestCase1_LoginToAmazon" time="24.720" errors="0" timestamp="2025-05-30T18:58:11 IST" skipped="0">
  <testcase classname="maven_package.MavenProject.TestCase1_LoginToAmazon" name="login" time="24.720"/>
</testsuite> <!-- maven_package.MavenProject.TestCase1_LoginToAmazon -->
