<?xml version="1.0" encoding="UTF-8"?>
<!-- Generated by org.testng.reporters.JUnitReportReporter -->
<testsuite hostname="apples-MBP.lan" failures="0" tests="1" name="amazon_practice_package.AmazonPracticeProject.TC_3_AddToWishList" time="12.109" errors="0" timestamp="2025-06-09T12:57:54 IST" skipped="0">
  <testcase classname="amazon_practice_package.AmazonPracticeProject.TC_3_AddToWishList" name="addToWishList" time="12.109"/>
</testsuite> <!-- amazon_practice_package.AmazonPracticeProject.TC_3_AddToWishList -->
