<?xml version="1.0" encoding="UTF-8"?>
<!-- Generated by org.testng.reporters.JUnitReportReporter -->
<testsuite hostname="apples-MBP.lan" failures="0" tests="1" name="maven_package.MavenProject.TestCase1_FacebookLogin" time="29.954" errors="0" timestamp="2025-06-04T17:26:15 IST" skipped="0">
  <testcase classname="maven_package.MavenProject.TestCase1_FacebookLogin" name="login" time="29.954"/>
</testsuite> <!-- maven_package.MavenProject.TestCase1_FacebookLogin -->
