<?xml version="1.0" encoding="UTF-8"?>
<!-- Generated by org.testng.reporters.JUnitReportReporter -->
<testsuite hostname="apples-MBP.lan" failures="0" tests="1" name="amazon_package.AmazonProject.TC_7_ProductPageCheckInfo" time="22.029" errors="0" timestamp="2025-06-12T07:08:59 IST" skipped="0">
  <testcase classname="amazon_package.AmazonProject.TC_7_ProductPageCheckInfo" name="checkInfo" time="22.029"/>
</testsuite> <!-- amazon_package.AmazonProject.TC_7_ProductPageCheckInfo -->
