<?xml version="1.0" encoding="UTF-8"?>
<!-- Generated by org.testng.reporters.JUnitReportReporter -->
<testsuite hostname="apples-MBP.lan" failures="0" tests="1" name="amazon_package.AmazonProject.TC_1_AmzLoginAndLogout" time="35.854" errors="0" timestamp="2025-06-06T11:48:39 IST" skipped="0">
  <testcase classname="amazon_package.AmazonProject.TC_1_AmzLoginAndLogout" name="loginAndLogout" time="35.854"/>
</testsuite> <!-- amazon_package.AmazonProject.TC_1_AmzLoginAndLogout -->
