<?xml version="1.0" encoding="UTF-8"?>
<!-- Generated by org.testng.reporters.JUnitReportReporter -->
<testsuite hostname="apples-MBP.lan" failures="0" tests="2" name="amazon_package.AmazonProject.TC_2_AmzLoginWithValidCredentials" time="30.355" errors="0" timestamp="2025-06-15T17:31:22 IST" skipped="0">
  <testcase classname="amazon_package.AmazonProject.TC_2_AmzLoginWithValidCredentials" name="loginWithValidCredentials" time="14.044"/>
  <testcase classname="amazon_package.AmazonProject.TC_2_AmzLoginWithValidCredentials" name="loginWithValidCredentials" time="16.311"/>
</testsuite> <!-- amazon_package.AmazonProject.TC_2_AmzLoginWithValidCredentials -->
