<?xml version="1.0" encoding="UTF-8"?>
<!-- Generated by org.testng.reporters.JUnitReportReporter -->
<testsuite hostname="apples-MBP.lan" failures="0" tests="1" name="amazon_package.AmazonProject.TC_3_AddToWishList" time="12.713" errors="0" timestamp="2025-06-09T15:53:04 IST" skipped="0">
  <testcase classname="amazon_package.AmazonProject.TC_3_AddToWishList" name="addToWishList" time="12.713"/>
</testsuite> <!-- amazon_package.AmazonProject.TC_3_AddToWishList -->
