<?xml version="1.0" encoding="UTF-8"?>
<!-- Generated by org.testng.reporters.JUnitReportReporter -->
<testsuite hostname="apples-MacBook-Pro.local" failures="0" tests="1" name="amazon_package.AmazonProject.TC_6_AmzFilters" time="11.769" errors="0" timestamp="2025-06-08T23:30:22 IST" skipped="0">
  <testcase classname="amazon_package.AmazonProject.TC_6_AmzFilters" name="filterProducts" time="11.769"/>
</testsuite> <!-- amazon_package.AmazonProject.TC_6_AmzFilters -->
