<?xml version="1.0" encoding="UTF-8"?>
<!-- Generated by org.testng.reporters.JUnitReportReporter -->
<testsuite hostname="apples-MBP.lan" failures="0" tests="1" name="amazon_package.AmazonProject.TC_9_AmzAddToCart" time="18.933" errors="0" timestamp="2025-06-12T07:09:32 IST" skipped="0">
  <testcase classname="amazon_package.AmazonProject.TC_9_AmzAddToCart" name="addToCart" time="18.933"/>
</testsuite> <!-- amazon_package.AmazonProject.TC_9_AmzAddToCart -->
