<?xml version="1.0" encoding="UTF-8"?>
<!-- Generated by org.testng.reporters.JUnitReportReporter -->
<testsuite hostname="apples-MacBook-Pro.local" failures="0" tests="1" name="amazon_package.AmazonProject.TC_3_AmzLoginWithInvalidPassword" time="37.241" errors="0" timestamp="2025-06-19T07:28:35 IST" skipped="0">
  <testcase classname="amazon_package.AmazonProject.TC_3_AmzLoginWithInvalidPassword" name="loginWithInvalidPassword" time="37.241"/>
</testsuite> <!-- amazon_package.AmazonProject.TC_3_AmzLoginWithInvalidPassword -->
