<?xml version="1.0" encoding="UTF-8"?>
<!-- Generated by org.testng.reporters.JUnitReportReporter -->
<testsuite hostname="apples-MacBook-Pro.local" failures="0" tests="1" name="amazon_package.AmazonProject.TC_3_AmzLoginWithInvalidEmail" time="8.686" errors="0" timestamp="2025-06-19T07:18:17 IST" skipped="0">
  <testcase classname="amazon_package.AmazonProject.TC_3_AmzLoginWithInvalidEmail" name="loginWithInvalidEmail" time="8.686"/>
</testsuite> <!-- amazon_package.AmazonProject.TC_3_AmzLoginWithInvalidEmail -->
