<?xml version="1.0" encoding="UTF-8"?>
<!-- Generated by org.testng.reporters.JUnitReportReporter -->
<testsuite hostname="apples-MBP.lan" failures="0" tests="1" name="amazon_package.AmazonProject.TC_4_EditProfile" time="12.284" errors="0" timestamp="2025-06-12T07:06:36 IST" skipped="0">
  <testcase classname="amazon_package.AmazonProject.TC_4_EditProfile" name="editProfile" time="12.284"/>
</testsuite> <!-- amazon_package.AmazonProject.TC_4_EditProfile -->
