<?xml version="1.0" encoding="UTF-8"?>
<!-- Generated by org.testng.reporters.JUnitReportReporter -->
<testsuite hostname="apples-MBP.lan" failures="0" tests="1" name="amazon_package.AmazonProject.TC_1_AmzSearchProduct" time="25.428" errors="0" timestamp="2025-06-06T10:36:00 IST" skipped="0">
  <testcase classname="amazon_package.AmazonProject.TC_1_AmzSearchProduct" name="searchProduct" time="25.428"/>
</testsuite> <!-- amazon_package.AmazonProject.TC_1_AmzSearchProduct -->
