<?xml version="1.0" encoding="UTF-8"?>
<!-- Generated by org.testng.reporters.JUnitReportReporter -->
<testsuite hostname="apples-MBP.lan" failures="0" tests="2" name="amazon_package.AmazonProject.TC_2_AmzLoginWithValidCredentials" time="20.138" errors="0" timestamp="2025-06-18T17:20:36 IST" skipped="0">
  <testcase classname="amazon_package.AmazonProject.TC_2_AmzLoginWithValidCredentials" name="loginWithValidCredentials" time="10.233"/>
  <testcase classname="amazon_package.AmazonProject.TC_2_AmzLoginWithValidCredentials" name="loginWithValidCredentials" time="9.905"/>
</testsuite> <!-- amazon_package.AmazonProject.TC_2_AmzLoginWithValidCredentials -->
