<?xml version="1.0" encoding="UTF-8"?>
<!-- Generated by org.testng.reporters.JUnitReportReporter -->
<testsuite hostname="apples-MBP.lan" failures="0" tests="1" name="amazon_package.AmazonProject.TC_1_AmzAddToCart" time="27.222" errors="0" timestamp="2025-06-06T11:48:39 IST" skipped="0">
  <testcase classname="amazon_package.AmazonProject.TC_1_AmzAddToCart" name="searchProduct" time="27.222"/>
</testsuite> <!-- amazon_package.AmazonProject.TC_1_AmzAddToCart -->
