<?xml version="1.0" encoding="UTF-8"?>
<!-- Generated by org.testng.reporters.JUnitReportReporter -->
<testsuite hostname="apples-MBP.lan" failures="0" tests="2" name="amazon_package.AmazonProject.TC_2_AmzLoginWithValidCredentials" time="24.131" errors="0" timestamp="2025-06-19T22:35:02 IST" skipped="0">
  <testcase classname="amazon_package.AmazonProject.TC_2_AmzLoginWithValidCredentials" name="loginWithValidCredentials" time="12.169"/>
  <testcase classname="amazon_package.AmazonProject.TC_2_AmzLoginWithValidCredentials" name="loginWithValidCredentials" time="11.962"/>
</testsuite> <!-- amazon_package.AmazonProject.TC_2_AmzLoginWithValidCredentials -->
