<?xml version="1.0" encoding="UTF-8"?>
<!-- Generated by org.testng.reporters.JUnitReportReporter -->
<testsuite hostname="apples-MBP.lan" failures="0" tests="1" name="amazon_package.AmazonProject.TC_3_AmzLoginWithInvalidEmail" time="7.676" errors="0" timestamp="2025-06-16T07:39:48 IST" skipped="0">
  <testcase classname="amazon_package.AmazonProject.TC_3_AmzLoginWithInvalidEmail" name="loginWithInvalidEmail" time="7.676"/>
</testsuite> <!-- amazon_package.AmazonProject.TC_3_AmzLoginWithInvalidEmail -->
