<?xml version="1.0" encoding="UTF-8"?>
<!-- Generated by org.testng.reporters.JUnitReportReporter -->
<testsuite hostname="apples-MBP.lan" failures="0" tests="1" name="amazon_package.AmazonProject.TC_1_AmzLoginAndLogout" time="56.423" errors="0" timestamp="2025-06-06T12:37:52 IST" skipped="0">
  <testcase classname="amazon_package.AmazonProject.TC_1_AmzLoginAndLogout" name="loginAndLogout" time="56.423"/>
</testsuite> <!-- amazon_package.AmazonProject.TC_1_AmzLoginAndLogout -->
