<?xml version="1.0" encoding="UTF-8"?>
<!-- Generated by org.testng.reporters.JUnitReportReporter -->
<testsuite hostname="apples-MBP.lan" failures="0" tests="1" name="amazon_package.AmazonProject.TC_3_AmzLoginWithInvalidEmail" time="7.395" errors="0" timestamp="2025-06-19T22:35:02 IST" skipped="0">
  <testcase classname="amazon_package.AmazonProject.TC_3_AmzLoginWithInvalidEmail" name="loginWithInvalidEmail" time="7.395"/>
</testsuite> <!-- amazon_package.AmazonProject.TC_3_AmzLoginWithInvalidEmail -->
